Build started 03.03.2017 23:15:44.
     1>Project "D:\VS Projects\Projects\OS_Ex2\OS_Ex2\OS_Ex2.vcxproj" on node 2 (Build target(s)).
     1>ClCompile:
         D:\Visual Studiu 2013\VC\bin\CL.exe /c /ZI /nologo /W3 /WX- /Od /Oy- /D WIN32 /D _DEBUG /D _CONSOLE /D _LIB /D _MBCS /Gm /EHsc /RTC1 /MDd /GS /fp:precise /Zc:wchar_t /Zc:forScope /Fo"Debug\\" /Fd"Debug\vc120.pdb" /Gd /TP /analyze- /errorReport:prompt main.cpp
         main.cpp
     1>d:\vs projects\projects\os_ex2\os_ex2\main.cpp(24): warning C4996: 'gets': This function or variable may be unsafe. Consider using gets_s instead. To disable deprecation, use _CRT_SECURE_NO_WARNINGS. See online help for details.
                 d:\visual studiu 2013\vc\include\stdio.h(254) : see declaration of 'gets'
     1>d:\vs projects\projects\os_ex2\os_ex2\main.cpp(25): warning C4996: 'sprintf': This function or variable may be unsafe. Consider using sprintf_s instead. To disable deprecation, use _CRT_SECURE_NO_WARNINGS. See online help for details.
                 d:\visual studiu 2013\vc\include\stdio.h(356) : see declaration of 'sprintf'
     1>d:\vs projects\projects\os_ex2\os_ex2\main.cpp(37): warning C4996: 'gets': This function or variable may be unsafe. Consider using gets_s instead. To disable deprecation, use _CRT_SECURE_NO_WARNINGS. See online help for details.
                 d:\visual studiu 2013\vc\include\stdio.h(254) : see declaration of 'gets'
     1>d:\vs projects\projects\os_ex2\os_ex2\main.cpp(39): warning C4996: 'scanf': This function or variable may be unsafe. Consider using scanf_s instead. To disable deprecation, use _CRT_SECURE_NO_WARNINGS. See online help for details.
                 d:\visual studiu 2013\vc\include\stdio.h(283) : see declaration of 'scanf'
     1>d:\vs projects\projects\os_ex2\os_ex2\main.cpp(40): warning C4996: 'sprintf': This function or variable may be unsafe. Consider using sprintf_s instead. To disable deprecation, use _CRT_SECURE_NO_WARNINGS. See online help for details.
                 d:\visual studiu 2013\vc\include\stdio.h(356) : see declaration of 'sprintf'
       Link:
         D:\Visual Studiu 2013\VC\bin\link.exe /ERRORREPORT:PROMPT /OUT:"D:\VS Projects\Projects\OS_Ex2\Debug\Main.exe" /INCREMENTAL /NOLOGO kernel32.lib user32.lib gdi32.lib winspool.lib comdlg32.lib advapi32.lib shell32.lib ole32.lib oleaut32.lib uuid.lib odbc32.lib odbccp32.lib /MANIFEST /MANIFESTUAC:"level='asInvoker' uiAccess='false'" /manifest:embed /DEBUG /PDB:"D:\VS Projects\Projects\OS_Ex2\Debug\Main.pdb" /SUBSYSTEM:CONSOLE /TLBID:1 /DYNAMICBASE /NXCOMPAT /IMPLIB:"D:\VS Projects\Projects\OS_Ex2\Debug\Main.lib" /MACHINE:X86 Debug\main.obj
         Debug\printInput.obj
         Debug\printReport.obj
         OS_Ex2.vcxproj -> D:\VS Projects\Projects\OS_Ex2\Debug\Main.exe
     1>Done Building Project "D:\VS Projects\Projects\OS_Ex2\OS_Ex2\OS_Ex2.vcxproj" (Build target(s)).

Build succeeded.

Time Elapsed 00:00:14.43
